# JRE version: OpenJDK Runtime Environment (8.0_152-b01) (build 1.8.0_152-release-1024-b01)
# Java VM: OpenJDK 64-Bit Server VM (25.152-b01 mixed mode linux-amd64 compressed oops)
Heap:
 def new generation   total 60032K, used 0K [0x00000000a0000000, 0x00000000a4120000, 0x00000000c0000000)
  eden space 53376K,   0% used [0x00000000a0000000, 0x00000000a0000000, 0x00000000a3420000)
  from space 6656K,   0% used [0x00000000a3420000, 0x00000000a3420000, 0x00000000a3aa0000)
  to   space 6656K,   0% used [0x00000000a3aa0000, 0x00000000a3aa0000, 0x00000000a4120000)
 tenured generation   total 170960K, used 147523K [0x00000000c0000000, 0x00000000ca6f4000, 0x0000000100000000)
   the space 170960K,  86% used [0x00000000c0000000, 0x00000000c9010c38, 0x00000000c9010e00, 0x00000000ca6f4000)
 Metaspace       used 98803K, capacity 103264K, committed 103512K, reserved 1138688K
  class space    used 12671K, capacity 13653K, committed 13696K, reserved 1048576K
GC Heap History (10 events):
Event: 1321.869 GC heap after
Heap after GC invocations=86 (full 7):
 def new generation   total 49344K, used 1160K [0x00000000a0000000, 0x00000000a3580000, 0x00000000c0000000)
  eden space 43904K,   0% used [0x00000000a0000000, 0x00000000a0000000, 0x00000000a2ae0000)
  from space 5440K,  21% used [0x00000000a3030000, 0x00000000a3152188, 0x00000000a3580000)
  to   space 5440K,   0% used [0x00000000a2ae0000, 0x00000000a2ae0000, 0x00000000a3030000)
 tenured generation   total 109344K, used 105780K [0x00000000c0000000, 0x00000000c6ac8000, 0x0000000100000000)
   the space 109344K,  96% used [0x00000000c0000000, 0x00000000c674d098, 0x00000000c674d200, 0x00000000c6ac8000)
 Metaspace       used 98327K, capacity 102686K, committed 102872K, reserved 1138688K
  class space    used 12593K, capacity 13546K, committed 13568K, reserved 1048576K
}
Event: 1324.814 GC heap before
{Heap before GC invocations=86 (full 7):
 def new generation   total 49344K, used 42883K [0x00000000a0000000, 0x00000000a3580000, 0x00000000c0000000)
  eden space 43904K,  95% used [0x00000000a0000000, 0x00000000a28bee08, 0x00000000a2ae0000)
  from space 5440K,  21% used [0x00000000a3030000, 0x00000000a3152188, 0x00000000a3580000)
  to   space 5440K,   0% used [0x00000000a2ae0000, 0x00000000a2ae0000, 0x00000000a3030000)
 tenured generation   total 109344K, used 105780K [0x00000000c0000000, 0x00000000c6ac8000, 0x0000000100000000)
   the space 109344K,  96% used [0x00000000c0000000, 0x00000000c674d098, 0x00000000c674d200, 0x00000000c6ac8000)
 Metaspace       used 98373K, capacity 102800K, committed 103000K, reserved 1138688K
  class space    used 12603K, capacity 13581K, committed 13696K, reserved 1048576K
Event: 1325.732 GC heap after
Heap after GC invocations=87 (full 8):
 def new generation   total 60032K, used 0K [0x00000000a0000000, 0x00000000a4120000, 0x00000000c0000000)
  eden space 53376K,   0% used [0x00000000a0000000, 0x00000000a0000000, 0x00000000a3420000)
  from space 6656K,   0% used [0x00000000a3420000, 0x00000000a3420000, 0x00000000a3aa0000)
  to   space 6656K,   0% used [0x00000000a3aa0000, 0x00000000a3aa0000, 0x00000000a4120000)
 tenured generation   total 133152K, used 79890K [0x00000000c0000000, 0x00000000c8208000, 0x0000000100000000)
   the space 133152K,  59% used [0x00000000c0000000, 0x00000000c4e04ae0, 0x00000000c4e04c00, 0x00000000c8208000)
 Metaspace       used 98373K, capacity 102800K, committed 103000K, reserved 1138688K
  class space    used 12603K, capacity 13581K, committed 13696K, reserved 1048576K
}
Event: 1359.908 GC heap before
{Heap before GC invocations=87 (full 8):
 def new generation   total 60032K, used 48578K [0x00000000a0000000, 0x00000000a4120000, 0x00000000c0000000)
  eden space 53376K,  91% used [0x00000000a0000000, 0x00000000a2f70ac0, 0x00000000a3420000)
  from space 6656K,   0% used [0x00000000a3420000, 0x00000000a3420000, 0x00000000a3aa0000)
  to   space 6656K,   0% used [0x00000000a3aa0000, 0x00000000a3aa0000, 0x00000000a4120000)
 tenured generation   total 133152K, used 79890K [0x00000000c0000000, 0x00000000c8208000, 0x0000000100000000)
   the space 133152K,  59% used [0x00000000c0000000, 0x00000000c4e04ae0, 0x00000000c4e04c00, 0x00000000c8208000)
 Metaspace       used 98798K, capacity 103256K, committed 103512K, reserved 1138688K
  class space    used 12670K, capacity 13651K, committed 13696K, reserved 1048576K
Event: 1360.665 GC heap after
Heap after GC invocations=88 (full 8):
 def new generation   total 60032K, used 6655K [0x00000000a0000000, 0x00000000a4120000, 0x00000000c0000000)
  eden space 53376K,   0% used [0x00000000a0000000, 0x00000000a0000000, 0x00000000a3420000)
  from space 6656K,  99% used [0x00000000a3aa0000, 0x00000000a411fff8, 0x00000000a4120000)
  to   space 6656K,   0% used [0x00000000a3420000, 0x00000000a3420000, 0x00000000a3aa0000)
 tenured generation   total 133152K, used 88018K [0x00000000c0000000, 0x00000000c8208000, 0x0000000100000000)
   the space 133152K,  66% used [0x00000000c0000000, 0x00000000c55f4828, 0x00000000c55f4a00, 0x00000000c8208000)
 Metaspace       used 98798K, capacity 103256K, committed 103512K, reserved 1138688K
  class space    used 12670K, capacity 13651K, committed 13696K, reserved 1048576K
}
Event: 1364.485 GC heap before
{Heap before GC invocations=88 (full 8):
 def new generation   total 60032K, used 57087K [0x00000000a0000000, 0x00000000a4120000, 0x00000000c0000000)
  eden space 53376K,  94% used [0x00000000a0000000, 0x00000000a313fe20, 0x00000000a3420000)
  from space 6656K,  99% used [0x00000000a3aa0000, 0x00000000a411fff8, 0x00000000a4120000)
  to   space 6656K,   0% used [0x00000000a3420000, 0x00000000a3420000, 0x00000000a3aa0000)
 tenured generation   total 133152K, used 88018K [0x00000000c0000000, 0x00000000c8208000, 0x0000000100000000)
   the space 133152K,  66% used [0x00000000c0000000, 0x00000000c55f4828, 0x00000000c55f4a00, 0x00000000c8208000)
 Metaspace       used 98803K, capacity 103264K, committed 103512K, reserved 1138688K
  class space    used 12671K, capacity 13653K, committed 13696K, reserved 1048576K
Event: 1364.498 GC heap after
Heap after GC invocations=89 (full 8):
 def new generation   total 60032K, used 6479K [0x00000000a0000000, 0x00000000a4120000, 0x00000000c0000000)
  eden space 53376K,   0% used [0x00000000a0000000, 0x00000000a0000000, 0x00000000a3420000)
  from space 6656K,  97% used [0x00000000a3420000, 0x00000000a3a73e70, 0x00000000a3aa0000)
  to   space 6656K,   0% used [0x00000000a3aa0000, 0x00000000a3aa0000, 0x00000000a4120000)
 tenured generation   total 133152K, used 92259K [0x00000000c0000000, 0x00000000c8208000, 0x0000000100000000)
   the space 133152K,  69% used [0x00000000c0000000, 0x00000000c5a18d90, 0x00000000c5a18e00, 0x00000000c8208000)
 Metaspace       used 98803K, capacity 103264K, committed 103512K, reserved 1138688K
  class space    used 12671K, capacity 13653K, committed 13696K, reserved 1048576K
}
Event: 1370.247 GC heap before
{Heap before GC invocations=89 (full 8):
 def new generation   total 60032K, used 45785K [0x00000000a0000000, 0x00000000a4120000, 0x00000000c0000000)
  eden space 53376K,  73% used [0x00000000a0000000, 0x00000000a26625b8, 0x00000000a3420000)
  from space 6656K,  97% used [0x00000000a3420000, 0x00000000a3a73e70, 0x00000000a3aa0000)
  to   space 6656K,   0% used [0x00000000a3aa0000, 0x00000000a3aa0000, 0x00000000a4120000)
 tenured generation   total 133152K, used 92259K [0x00000000c0000000, 0x00000000c8208000, 0x0000000100000000)
   the space 133152K,  69% used [0x00000000c0000000, 0x00000000c5a18d90, 0x00000000c5a18e00, 0x00000000c8208000)
 Metaspace       used 98803K, capacity 103264K, committed 103512K, reserved 1138688K
  class space    used 12671K, capacity 13653K, committed 13696K, reserved 1048576K
Event: 1371.329 GC heap after
Heap after GC invocations=90 (full 8):
 def new generation   total 60032K, used 2K [0x00000000a0000000, 0x00000000a4120000, 0x00000000c0000000)
  eden space 53376K,   0% used [0x00000000a0000000, 0x00000000a0000000, 0x00000000a3420000)
  from space 6656K,   0% used [0x00000000a3aa0000, 0x00000000a3aa0840, 0x00000000a4120000)
  to   space 6656K,   0% used [0x00000000a3420000, 0x00000000a3420000, 0x00000000a3aa0000)
 tenured generation   total 133152K, used 116842K [0x00000000c0000000, 0x00000000c8208000, 0x0000000100000000)
   the space 133152K,  87% used [0x00000000c0000000, 0x00000000c721a840, 0x00000000c721aa00, 0x00000000c8208000)
 Metaspace       used 98803K, capacity 103264K, committed 103512K, reserved 1138688K
  class space    used 12671K, capacity 13653K, committed 13696K, reserved 1048576K
}
Event: 1372.140 GC heap before
{Heap before GC invocations=90 (full 8):
 def new generation   total 60032K, used 47005K [0x00000000a0000000, 0x00000000a4120000, 0x00000000c0000000)
  eden space 53376K,  88% used [0x00000000a0000000, 0x00000000a2de6e48, 0x00000000a3420000)
  from space 6656K,   0% used [0x00000000a3aa0000, 0x00000000a3aa0840, 0x00000000a4120000)
  to   space 6656K,   0% used [0x00000000a3420000, 0x00000000a3420000, 0x00000000a3aa0000)
 tenured generation   total 133152K, used 116842K [0x00000000c0000000, 0x00000000c8208000, 0x0000000100000000)
   the space 133152K,  87% used [0x00000000c0000000, 0x00000000c721a840, 0x00000000c721aa00, 0x00000000c8208000)
 Metaspace       used 98803K, capacity 103264K, committed 103512K, reserved 1138688K
  class space    used 12671K, capacity 13653K, committed 13696K, reserved 1048576K

